<?xml version="1.0" encoding="UTF-8"?>
<!-- Generated by org.testng.reporters.JUnitReportReporter -->
<testsuite hostname="DESKTOP-S1B90LE" failures="0" tests="2" name="com.automationexcerice.PageTests.AutomationExercisePageTest" time="33.019" errors="0" timestamp="2024-06-30T07:55:48 GMT-06:00" skipped="0">
  <testcase classname="com.automationexcerice.PageTests.AutomationExercisePageTest" name="validateAddToCartFunctionality" time="9.622"/>
  <system-out/>
  <testcase classname="com.automationexcerice.PageTests.AutomationExercisePageTest" name="validatePlaceOrderFunctionality" time="23.397"/>
  <system-out/>
</testsuite> <!-- com.automationexcerice.PageTests.AutomationExercisePageTest -->
