<?xml version="1.0" encoding="UTF-8"?>
<!-- Generated by org.testng.reporters.JUnitReportReporter -->
<testsuite hostname="DESKTOP-S1B90LE" failures="0" tests="5" name="com.automationexercise.PageTests.AutomationExercisePageTest" time="60.879" errors="0" timestamp="2024-07-01T14:25:06 MDT" skipped="0">
  <testcase classname="com.automationexercise.PageTests.AutomationExercisePageTest" name="validateValidLoginFunctionality" time="7.779"/>
  <system-out/>
  <testcase classname="com.automationexercise.PageTests.AutomationExercisePageTest" name="validateValidLoginFunctionality" time="8.552"/>
  <system-out/>
  <testcase classname="com.automationexercise.PageTests.AutomationExercisePageTest" name="validateValidLoginFunctionality" time="8.308"/>
  <system-out/>
  <testcase classname="com.automationexercise.PageTests.AutomationExercisePageTest" name="validateAddToCartFunctionality" time="9.480"/>
  <system-out/>
  <testcase classname="com.automationexercise.PageTests.AutomationExercisePageTest" name="validatePlaceOrderFunctionality" time="26.760"/>
  <system-out/>
</testsuite> <!-- com.automationexercise.PageTests.AutomationExercisePageTest -->
