<?xml version="1.0" encoding="UTF-8"?>
<!-- Generated by org.testng.reporters.JUnitReportReporter -->
<testsuite hostname="DESKTOP-S1B90LE" failures="0" tests="1" name="com.automationexcerice.PageTests.CheckoutPageTest" time="16.177" errors="0" timestamp="2024-06-29T17:07:36 GMT-06:00" skipped="0">
  <testcase classname="com.automationexcerice.PageTests.CheckoutPageTest" name="validateRemoveItemFromCheckout" time="16.177"/>
  <system-out/>
</testsuite> <!-- com.automationexcerice.PageTests.CheckoutPageTest -->
