<?xml version="1.0" encoding="UTF-8"?>
<!-- Generated by org.testng.reporters.JUnitReportReporter -->
<testsuite hostname="DESKTOP-S1B90LE" failures="0" tests="1" name="com.automationexercise.PageTests.AccountCreatedPageTest" time="19.752" errors="0" timestamp="2024-07-01T14:25:06 MDT" skipped="0">
  <testcase classname="com.automationexercise.PageTests.AccountCreatedPageTest" name="validateAccountCreationFunctionality" time="19.752"/>
  <system-out/>
</testsuite> <!-- com.automationexercise.PageTests.AccountCreatedPageTest -->
