<?xml version="1.0" encoding="UTF-8"?>
<!-- Generated by org.testng.reporters.JUnitReportReporter -->
<testsuite hostname="DESKTOP-S1B90LE" failures="0" tests="1" name="com.automationexercise.PageTests.ContactUsPageTest" time="19.484" errors="0" timestamp="2024-07-02T18:04:13 GMT-06:00" skipped="0">
  <testcase classname="com.automationexercise.PageTests.ContactUsPageTest" name="validateContactUsFunctionality" time="19.484"/>
  <system-out/>
</testsuite> <!-- com.automationexercise.PageTests.ContactUsPageTest -->
