<?xml version="1.0" encoding="UTF-8"?>
<!-- Generated by org.testng.reporters.JUnitReportReporter -->
<testsuite hostname="DESKTOP-S1B90LE" failures="0" tests="4" name="com.automationexercise.PageTests.SignupLoginPageTest" time="35.785" errors="0" timestamp="2024-07-01T14:25:06 MDT" skipped="0">
  <testcase classname="com.automationexercise.PageTests.SignupLoginPageTest" name="validateLogoutFunctionality" time="13.817"/>
  <system-out/>
  <testcase classname="com.automationexercise.PageTests.SignupLoginPageTest" name="validateSignupWithExisitngEmailFunctionality" time="10.319"/>
  <system-out/>
  <testcase classname="com.automationexercise.PageTests.SignupLoginPageTest" name="validateSubscriptionFunctionality" time="4.804"/>
  <system-out/>
  <testcase classname="com.automationexercise.PageTests.SignupLoginPageTest" name="validateInvalidLoginFunctionality" time="6.845"/>
  <system-out/>
</testsuite> <!-- com.automationexercise.PageTests.SignupLoginPageTest -->
