<?xml version="1.0" encoding="UTF-8"?>
<!-- Generated by org.testng.reporters.JUnitReportReporter -->
<testsuite hostname="DESKTOP-S1B90LE" failures="0" tests="1" name="com.automationexcerice.PageTests.AccountCreatedPageTest" time="12.341" errors="0" timestamp="2024-06-30T09:58:05 GMT-06:00" skipped="0">
  <testcase classname="com.automationexcerice.PageTests.AccountCreatedPageTest" name="validateAccountCreationFunctionality" time="12.341"/>
  <system-out/>
</testsuite> <!-- com.automationexcerice.PageTests.AccountCreatedPageTest -->
