<?xml version="1.0" encoding="UTF-8"?>
<!-- Generated by org.testng.reporters.JUnitReportReporter -->
<testsuite hostname="DESKTOP-S1B90LE" failures="0" tests="1" name="com.automationexercise.PageTests.CheckoutPageTest" time="21.736" errors="0" timestamp="2024-07-01T14:25:06 MDT" skipped="0">
  <testcase classname="com.automationexercise.PageTests.CheckoutPageTest" name="validateRemoveItemFromCheckout" time="21.736"/>
  <system-out/>
</testsuite> <!-- com.automationexercise.PageTests.CheckoutPageTest -->
